Arguments: 
  /usr/local/Cellar/node/9.11.1/bin/node /usr/local/bin/yarn run start-server

PATH: 
  /usr/local/bin:/usr/bin:/bin:/usr/sbin:/sbin

Yarn version: 
  1.5.1

Node version: 
  9.11.1

Platform: 
  darwin x64

npm manifest: 
  {
    "name": "bc-fe-task",
    "version": "1.0.0",
    "description": "",
    "main": "index.js",
    "scripts": {
      "start-server": "node ./server/server.js"
    },
    "author": "",
    "license": "ISC",
    "devDependencies": {
      "json-server": "^0.12.1"
    }
  }

yarn manifest: 
  No manifest

Lockfile: 
  No lockfile

Trace: 
  Error: Command failed.
  Exit code: 1
  Command: sh
  Arguments: -c node ./server/server.js
  Directory: /Users/przemot/Projekty/blackcompany/frontend-recruitment-task
  Output:
  
      at ProcessTermError.MessageError (/usr/local/lib/node_modules/yarn/lib/cli.js:186:110)
      at new ProcessTermError (/usr/local/lib/node_modules/yarn/lib/cli.js:226:113)
      at ChildProcess.<anonymous> (/usr/local/lib/node_modules/yarn/lib/cli.js:30281:17)
      at ChildProcess.emit (events.js:180:13)
      at maybeClose (internal/child_process.js:936:16)
      at Process.ChildProcess._handle.onexit (internal/child_process.js:220:5)
